<?xml version="1.0" encoding="utf-8" standalone="no"?>
<!--This file represents the results of running a test suite-->
<test-results name="C:\workspace-Hg\message-builder\message-builder-core\target\translation\mbtdotnet\trunk\message-builder-xml\bin\Debug\message-builder-xml.dll" total="7" errors="0" failures="0" not-run="0" inconclusive="0" ignored="0" skipped="0" invalid="0" date="2012-09-07" time="15:02:56">
  <environment nunit-version="2.6.0.12051" clr-version="2.0.50727.3634" os-version="Microsoft Windows NT 5.2.3790 Service Pack 2" platform="Win32NT" cwd="C:\workspace-Hg\message-builder\message-builder-core\target\translation\mbtdotnet\trunk\message-builder-xml\bin\Debug" machine-name="POD1537" user="Administrator" user-domain="POD1537" />
  <culture-info current-culture="en-US" current-uiculture="en-US" />
  <test-suite type="Assembly" name="C:\workspace-Hg\message-builder\message-builder-core\target\translation\mbtdotnet\trunk\message-builder-xml\bin\Debug\message-builder-xml.dll" executed="True" result="Success" success="True" time="1.609" asserts="0">
    <results>
      <test-suite type="Namespace" name="Ca" executed="True" result="Success" success="True" time="1.594" asserts="0">
        <results>
          <test-suite type="Namespace" name="Infoway" executed="True" result="Success" success="True" time="1.594" asserts="0">
            <results>
              <test-suite type="Namespace" name="Messagebuilder" executed="True" result="Success" success="True" time="1.594" asserts="0">
                <results>
                  <test-suite type="Namespace" name="Xml" executed="True" result="Success" success="True" time="1.594" asserts="0">
                    <results>
                      <test-suite type="TestFixture" name="MessageSetMarshallerTest" executed="True" result="Success" success="True" time="1.594" asserts="0">
                        <results>
                          <test-case name="Ca.Infoway.Messagebuilder.Xml.MessageSetMarshallerTest.TestShouldReadSampleWithRimClass" executed="True" result="Success" success="True" time="0.172" asserts="2" />
                          <test-case name="Ca.Infoway.Messagebuilder.Xml.MessageSetMarshallerTest.TestShouldReadSampleXml" executed="True" result="Success" success="True" time="0.031" asserts="3" />
                          <test-case name="Ca.Infoway.Messagebuilder.Xml.MessageSetMarshallerTest.TestShouldReadSampleXmlWithArgumentChoices" executed="True" result="Success" success="True" time="0.016" asserts="1" />
                          <test-case name="Ca.Infoway.Messagebuilder.Xml.MessageSetMarshallerTest.TestShouldReadSampleXmlWithBreadcrumbHistory" executed="True" result="Success" success="True" time="1.219" asserts="2" />
                          <test-case name="Ca.Infoway.Messagebuilder.Xml.MessageSetMarshallerTest.TestWriteXml" executed="True" result="Success" success="True" time="0.078" asserts="1" />
                          <test-case name="Ca.Infoway.Messagebuilder.Xml.MessageSetMarshallerTest.TestWriteXmlWithNesting" executed="True" result="Success" success="True" time="0.000" asserts="1" />
                        </results>
                      </test-suite>
                      <test-suite type="Namespace" name="Service" executed="True" result="Success" success="True" time="0.000" asserts="0">
                        <results>
                          <test-suite type="TestFixture" name="MessageDefinitionServiceFactoryTest" executed="True" result="Success" success="True" time="0.000" asserts="0">
                            <results>
                              <test-case name="Ca.Infoway.Messagebuilder.Xml.Service.MessageDefinitionServiceFactoryTest.ShouldProduceNonNullResult" executed="True" result="Success" success="True" time="0.000" asserts="1" />
                            </results>
                          </test-suite>
                        </results>
                      </test-suite>
                    </results>
                  </test-suite>
                </results>
              </test-suite>
            </results>
          </test-suite>
        </results>
      </test-suite>
    </results>
  </test-suite>
</test-results>